[main] INFO  org.springframework.jdbc.core.namedparam.NamedParameterJdbcTemplate  - main() getNamedParameterJdbcTemplate(): null
[main] DEBUG org.springframework.jdbc.core.namedparam.NamedParameterJdbcTemplate  - main() getNamedParameterJdbcTemplate(): null
[main] DEBUG org.springframework.jdbc.core.namedparam.NamedParameterJdbcTemplate  - id: admin
[main] DEBUG org.springframework.jdbc.core.namedparam.NamedParameterJdbcTemplate  - template: null
[main] DEBUG org.springframework.jdbc.core.namedparam.NamedParameterJdbcTemplate  - main() getNamedParameterJdbcTemplate(): null
[main] DEBUG org.springframework.jdbc.core.namedparam.NamedParameterJdbcTemplate  - id: admin
[main] DEBUG org.springframework.jdbc.core.namedparam.NamedParameterJdbcTemplate  - template: null
[main] DEBUG org.springframework.jdbc.core.namedparam.NamedParameterJdbcTemplate  - main() getNamedParameterJdbcTemplate(): null
[main] DEBUG org.springframework.jdbc.core.namedparam.NamedParameterJdbcTemplate  - id: admin
[main] DEBUG org.springframework.jdbc.core.namedparam.NamedParameterJdbcTemplate  - template: null
[main] DEBUG org.springframework.jdbc.core.namedparam.NamedParameterJdbcTemplate  - id: admin
[main] DEBUG org.springframework.jdbc.core.namedparam.NamedParameterJdbcTemplate  - template: null
[main] DEBUG org.springframework.jdbc.core.namedparam.NamedParameterJdbcTemplate  - id: admin
[main] DEBUG org.springframework.jdbc.core.namedparam.NamedParameterJdbcTemplate  - template: null
[main] DEBUG org.springframework.jdbc.core.namedparam.NamedParameterJdbcTemplate  - id: admin
[main] DEBUG org.springframework.jdbc.core.namedparam.NamedParameterJdbcTemplate  - template: null
[main] DEBUG org.springframework.jdbc.core.namedparam.NamedParameterJdbcTemplate  - id: admin
[main] DEBUG org.springframework.jdbc.core.namedparam.NamedParameterJdbcTemplate  - template: null
[main] DEBUG org.springframework.jdbc.core.namedparam.NamedParameterJdbcTemplate  - dataSource: null
[main] DEBUG org.springframework.jdbc.core.namedparam.NamedParameterJdbcTemplate  - id: admin
[main] DEBUG org.springframework.jdbc.core.namedparam.NamedParameterJdbcTemplate  - template: null
[main] DEBUG org.springframework.jdbc.core.namedparam.NamedParameterJdbcTemplate  - dataSource: null
[main] DEBUG org.springframework.jdbc.core.namedparam.NamedParameterJdbcTemplate  - id: admin
[main] DEBUG org.springframework.jdbc.core.namedparam.NamedParameterJdbcTemplate  - template: null
[main] DEBUG org.springframework.jdbc.core.namedparam.NamedParameterJdbcTemplate  - dataSource: null
[main] DEBUG org.springframework.jdbc.core.namedparam.NamedParameterJdbcTemplate  - id: admin
[main] DEBUG org.springframework.jdbc.core.namedparam.NamedParameterJdbcTemplate  - template: null
[main] DEBUG org.springframework.jdbc.core.namedparam.NamedParameterJdbcTemplate  - dataSource: null
[main] DEBUG org.springframework.jdbc.core.namedparam.NamedParameterJdbcTemplate  - id: admin
[main] DEBUG org.springframework.jdbc.core.namedparam.NamedParameterJdbcTemplate  - template: null
[main] DEBUG org.springframework.jdbc.core.namedparam.NamedParameterJdbcTemplate  - dataSource: null
[main] DEBUG org.springframework.jdbc.core.namedparam.NamedParameterJdbcTemplate  - id: admin
[main] DEBUG org.springframework.jdbc.core.namedparam.NamedParameterJdbcTemplate  - template: null
[main] DEBUG org.springframework.jdbc.core.namedparam.NamedParameterJdbcTemplate  - dataSource: null
[main] DEBUG org.springframework.jdbc.core.namedparam.NamedParameterJdbcTemplate  - id: admin
[main] DEBUG org.springframework.jdbc.core.namedparam.NamedParameterJdbcTemplate  - template: null
[main] DEBUG org.springframework.jdbc.core.namedparam.NamedParameterJdbcTemplate  - dataSource: null
